2018-04-12 16:57:58,932 [Test Thread #0] INFO SdolUnitTest.Code.BaseSteps - Sedol Web Application page is fully loaded
2018-04-12 16:57:59,052 [Test Thread #0] ERROR SdolUnitTest.Code.BaseSteps - Status code is different from True and False
2018-04-12 16:58:11,762 [Test Thread #0] INFO SdolUnitTest.Code.BaseSteps - Sedol Web Application page is fully loaded
2018-04-12 16:58:11,855 [Test Thread #0] ERROR SdolUnitTest.Code.BaseSteps - Status code is different from True and False
2018-04-12 16:58:24,693 [Test Thread #0] INFO SdolUnitTest.Code.BaseSteps - Sedol Web Application page is fully loaded
2018-04-12 16:58:24,786 [Test Thread #0] ERROR SdolUnitTest.Code.BaseSteps - Status code is different from True and False
2018-04-12 17:00:58,482 [Test Thread #0] INFO SdolUnitTest.Code.BaseSteps - Sedol Web Application page is fully loaded
2018-04-12 17:00:58,617 [Test Thread #0] ERROR SdolUnitTest.Code.BaseSteps - Status code is different from True and False
2018-04-12 17:04:11,604 [Test Thread #0] INFO SdolUnitTest.Code.BaseSteps - Sedol Web Application page is fully loaded
2018-04-12 17:04:27,589 [Test Thread #0] INFO SdolUnitTest.Code.BaseSteps - Sedol Web Application page is fully loaded
2018-04-12 17:04:40,506 [Test Thread #0] INFO SdolUnitTest.Code.BaseSteps - Sedol Web Application page is fully loaded
2018-04-12 17:09:19,309 [Test Thread #0] INFO SdolUnitTest.Code.BaseSteps - Sedol Web Application page is fully loaded
2018-04-12 17:13:09,721 [Test Thread #0] INFO SdolUnitTest.Code.BaseSteps - Sedol Web Application page is fully loaded
2018-04-12 17:13:24,610 [Test Thread #0] INFO SdolUnitTest.Code.BaseSteps - Sedol Web Application page is fully loaded
2018-04-12 17:13:38,923 [Test Thread #0] INFO SdolUnitTest.Code.BaseSteps - Sedol Web Application page is fully loaded
2018-04-12 17:14:12,871 [Test Thread #0] INFO SdolUnitTest.Code.BaseSteps - Sedol Web Application page is fully loaded
2018-04-12 17:14:28,099 [Test Thread #0] INFO SdolUnitTest.Code.BaseSteps - Sedol Web Application page is fully loaded
2018-04-12 17:14:44,038 [Test Thread #0] INFO SdolUnitTest.Code.BaseSteps - Sedol Web Application page is fully loaded
2018-04-12 17:41:55,372 [Test Thread #0] INFO SdolUnitTest.Code.BaseSteps - Sedol Web Application page is fully loaded
2018-04-12 17:48:22,825 [Test Thread #0] INFO SdolUnitTest.Code.BaseSteps - Sedol Web Application page is fully loaded
2018-04-12 17:58:13,090 [Test Thread #0] INFO SdolUnitTest.Code.BaseSteps - Sedol Web Application page is fully loaded
2018-04-12 18:03:37,458 [Test Thread #0] INFO SdolUnitTest.Code.BaseSteps - Sedol Web Application page is fully loaded
2018-04-12 18:07:27,141 [Test Thread #0] INFO SdolUnitTest.Code.BaseSteps - Sedol Web Application page is fully loaded
2018-04-12 18:27:23,420 [Test Thread #0] INFO SdolUnitTest.Code.BaseSteps - Sedol Web Application page is fully loaded
2018-04-12 18:27:46,032 [Test Thread #0] INFO SdolUnitTest.Code.BaseSteps - Sedol Web Application page is fully loaded
2018-04-12 18:27:52,265 [Test Thread #0] INFO SdolUnitTest.Code.BaseSteps - Sedol Web Application page is fully loaded
2018-04-12 18:27:57,864 [Test Thread #0] INFO SdolUnitTest.Code.BaseSteps - Sedol Web Application page is fully loaded
2018-04-12 18:28:35,223 [Test Thread #0] INFO SdolUnitTest.Code.BaseSteps - Sedol Web Application page is fully loaded
2018-04-12 18:28:59,300 [Test Thread #0] INFO SdolUnitTest.Code.BaseSteps - Sedol Web Application page is fully loaded
2018-04-12 18:29:18,481 [Test Thread #0] INFO SdolUnitTest.Code.BaseSteps - Sedol Web Application page is fully loaded
2018-04-12 18:29:46,690 [Test Thread #0] INFO SdolUnitTest.Code.BaseSteps - Sedol Web Application page is fully loaded
2018-04-12 18:30:14,184 [Test Thread #0] INFO SdolUnitTest.Code.BaseSteps - Sedol Web Application page is fully loaded
2018-04-12 18:30:19,873 [Test Thread #0] INFO SdolUnitTest.Code.BaseSteps - Sedol Web Application page is fully loaded
2018-04-12 18:30:25,597 [Test Thread #0] INFO SdolUnitTest.Code.BaseSteps - Sedol Web Application page is fully loaded
2018-04-12 18:30:48,212 [Test Thread #0] INFO SdolUnitTest.Code.BaseSteps - Sedol Web Application page is fully loaded
2018-04-12 18:30:53,892 [Test Thread #0] INFO SdolUnitTest.Code.BaseSteps - Sedol Web Application page is fully loaded
2018-04-12 18:31:00,167 [Test Thread #0] INFO SdolUnitTest.Code.BaseSteps - Sedol Web Application page is fully loaded
2018-04-12 18:31:31,202 [Test Thread #0] INFO SdolUnitTest.Code.BaseSteps - Sedol Web Application page is fully loaded
2018-04-12 18:32:06,346 [Test Thread #0] INFO SdolUnitTest.Code.BaseSteps - Sedol Web Application page is fully loaded
2018-04-12 18:32:12,244 [Test Thread #0] INFO SdolUnitTest.Code.BaseSteps - Sedol Web Application page is fully loaded
2018-04-12 18:32:17,716 [Test Thread #0] INFO SdolUnitTest.Code.BaseSteps - Sedol Web Application page is fully loaded
2018-04-12 18:32:43,073 [Test Thread #0] INFO SdolUnitTest.Code.BaseSteps - Sedol Web Application page is fully loaded
2018-04-12 18:34:27,560 [Test Thread #0] INFO SdolUnitTest.Code.BaseSteps - Sedol Web Application page is fully loaded
2018-04-12 18:36:23,706 [Test Thread #0] INFO SdolUnitTest.Code.BaseSteps - Sedol Web Application page is fully loaded
2018-04-12 18:36:29,299 [Test Thread #0] INFO SdolUnitTest.Code.BaseSteps - Sedol Web Application page is fully loaded
2018-04-12 18:36:34,784 [Test Thread #0] INFO SdolUnitTest.Code.BaseSteps - Sedol Web Application page is fully loaded
2018-04-12 18:37:13,336 [Test Thread #0] INFO SdolUnitTest.Code.BaseSteps - Sedol Web Application page is fully loaded
2018-04-12 18:41:14,067 [Test Thread #0] INFO SdolUnitTest.Code.BaseSteps - Sedol Web Application page is fully loaded
2018-04-12 18:41:19,737 [Test Thread #0] INFO SdolUnitTest.Code.BaseSteps - Sedol Web Application page is fully loaded
2018-04-12 18:41:25,933 [Test Thread #0] INFO SdolUnitTest.Code.BaseSteps - Sedol Web Application page is fully loaded
2018-04-12 18:42:01,142 [Test Thread #0] INFO SdolUnitTest.Code.BaseSteps - Sedol Web Application page is fully loaded
2018-04-12 18:46:41,701 [Test Thread #0] INFO SdolUnitTest.Code.BaseSteps - Sedol Web Application page is fully loaded
2018-04-12 18:46:47,377 [Test Thread #0] INFO SdolUnitTest.Code.BaseSteps - Sedol Web Application page is fully loaded
2018-04-12 18:46:53,384 [Test Thread #0] INFO SdolUnitTest.Code.BaseSteps - Sedol Web Application page is fully loaded
2018-04-12 18:47:37,292 [Test Thread #0] INFO SdolUnitTest.Code.BaseSteps - Sedol Web Application page is fully loaded
2018-04-12 18:51:02,447 [Test Thread #0] INFO SdolUnitTest.Code.BaseSteps - Sedol Web Application page is fully loaded
2018-04-12 18:51:08,384 [Test Thread #0] INFO SdolUnitTest.Code.BaseSteps - Sedol Web Application page is fully loaded
2018-04-12 18:51:14,050 [Test Thread #0] INFO SdolUnitTest.Code.BaseSteps - Sedol Web Application page is fully loaded
2018-04-12 18:52:18,850 [Test Thread #0] INFO SdolUnitTest.Code.BaseSteps - Sedol Web Application page is fully loaded
2018-04-12 18:52:24,757 [Test Thread #0] INFO SdolUnitTest.Code.BaseSteps - Sedol Web Application page is fully loaded
2018-04-12 18:52:30,244 [Test Thread #0] INFO SdolUnitTest.Code.BaseSteps - Sedol Web Application page is fully loaded
2018-04-12 18:53:23,348 [Test Thread #0] INFO SdolUnitTest.Code.BaseSteps - Sedol Web Application page is fully loaded
2018-04-12 19:24:06,439 [Test Thread #0] INFO SdolUnitTest.Code.BaseSteps - Sedol Web Application page is fully loaded
2018-04-12 19:25:14,507 [Test Thread #0] INFO SdolUnitTest.Code.BaseSteps - Sedol Web Application page is fully loaded
2018-04-12 19:25:19,512 [Test Thread #0] INFO SdolUnitTest.Code.BaseSteps - Sedol Web Application page is fully loaded
2018-04-12 19:25:24,552 [Test Thread #0] INFO SdolUnitTest.Code.BaseSteps - Sedol Web Application page is fully loaded
2018-04-12 19:25:29,820 [Test Thread #0] INFO SdolUnitTest.Code.BaseSteps - Sedol Web Application page is fully loaded
2018-04-12 19:25:34,941 [Test Thread #0] INFO SdolUnitTest.Code.BaseSteps - Sedol Web Application page is fully loaded
2018-04-12 19:25:39,967 [Test Thread #0] INFO SdolUnitTest.Code.BaseSteps - Sedol Web Application page is fully loaded
2018-04-12 19:25:45,764 [Test Thread #0] INFO SdolUnitTest.Code.BaseSteps - Sedol Web Application page is fully loaded
2018-04-12 19:25:51,368 [Test Thread #0] INFO SdolUnitTest.Code.BaseSteps - Sedol Web Application page is fully loaded
2018-04-12 19:25:56,077 [Test Thread #0] INFO SdolUnitTest.Code.BaseSteps - Sedol Web Application page is fully loaded
2018-04-12 19:26:04,521 [Test Thread #0] INFO SdolUnitTest.Code.BaseSteps - Sedol Web Application page is fully loaded
2018-04-12 19:26:12,545 [Test Thread #0] INFO SdolUnitTest.Code.BaseSteps - Sedol Web Application page is fully loaded
2018-04-12 19:52:03,243 [Test Thread #0] INFO SdolUnitTest.Code.BaseSteps - Sedol Web Application page is fully loaded
2018-04-12 19:52:08,359 [Test Thread #0] INFO SdolUnitTest.Code.BaseSteps - Sedol Web Application page is fully loaded
2018-04-12 19:52:13,619 [Test Thread #0] INFO SdolUnitTest.Code.BaseSteps - Sedol Web Application page is fully loaded
2018-04-12 19:57:10,408 [Test Thread #0] INFO SdolUnitTest.Code.BaseSteps - Sedol Web Application page is fully loaded
2018-04-12 19:57:15,428 [Test Thread #0] INFO SdolUnitTest.Code.BaseSteps - Sedol Web Application page is fully loaded
2018-04-12 19:57:20,497 [Test Thread #0] INFO SdolUnitTest.Code.BaseSteps - Sedol Web Application page is fully loaded
2018-04-12 19:57:25,340 [Test Thread #0] INFO SdolUnitTest.Code.BaseSteps - Sedol Web Application page is fully loaded
2018-04-12 19:57:30,184 [Test Thread #0] INFO SdolUnitTest.Code.BaseSteps - Sedol Web Application page is fully loaded
2018-04-12 19:57:35,631 [Test Thread #0] INFO SdolUnitTest.Code.BaseSteps - Sedol Web Application page is fully loaded
2018-04-12 19:57:40,837 [Test Thread #0] INFO SdolUnitTest.Code.BaseSteps - Sedol Web Application page is fully loaded
2018-04-12 19:57:45,710 [Test Thread #0] INFO SdolUnitTest.Code.BaseSteps - Sedol Web Application page is fully loaded
2018-04-12 19:57:46,216 [Test Thread #0] ERROR SdolUnitTest.Code.BaseSteps - NoSuchElementException has been throwns : OpenQA.Selenium.NoSuchElementException: no such element: Unable to locate element: {"method":"class name","selector":"loader"}
  (Session info: chrome=65.0.3325.181)
  (Driver info: chromedriver=2.37.543627 (63642262d9fb93fb4ab52398be4286d844092a5e),platform=Windows NT 10.0.16299 x86_64)
   at OpenQA.Selenium.Remote.RemoteWebDriver.UnpackAndThrowOnError(Response errorResponse)
   at OpenQA.Selenium.Remote.RemoteWebDriver.Execute(String driverCommandToExecute, Dictionary`2 parameters)
   at OpenQA.Selenium.Remote.RemoteWebDriver.FindElement(String mechanism, String value)
   at OpenQA.Selenium.Remote.RemoteWebDriver.FindElementByClassName(String className)
   at OpenQA.Selenium.By.<>c__DisplayClass20_0.<ClassName>b__0(ISearchContext context)
   at OpenQA.Selenium.By.FindElement(ISearchContext context)
   at OpenQA.Selenium.Remote.RemoteWebDriver.FindElement(By by)
   at SdolUnitTest.Code.ScenariosSteps.ThenIReceiveTheMessage(String expectedMessage) in C:\project\SdolUnitTest\SdolUnitTest\Code\ScenariosSteps.cs:line 51
2018-04-12 19:57:51,096 [Test Thread #0] INFO SdolUnitTest.Code.BaseSteps - Sedol Web Application page is fully loaded
2018-04-12 19:57:51,602 [Test Thread #0] ERROR SdolUnitTest.Code.BaseSteps - NoSuchElementException has been throwns : OpenQA.Selenium.NoSuchElementException: no such element: Unable to locate element: {"method":"class name","selector":"loader"}
  (Session info: chrome=65.0.3325.181)
  (Driver info: chromedriver=2.37.543627 (63642262d9fb93fb4ab52398be4286d844092a5e),platform=Windows NT 10.0.16299 x86_64)
   at OpenQA.Selenium.Remote.RemoteWebDriver.UnpackAndThrowOnError(Response errorResponse)
   at OpenQA.Selenium.Remote.RemoteWebDriver.Execute(String driverCommandToExecute, Dictionary`2 parameters)
   at OpenQA.Selenium.Remote.RemoteWebDriver.FindElement(String mechanism, String value)
   at OpenQA.Selenium.Remote.RemoteWebDriver.FindElementByClassName(String className)
   at OpenQA.Selenium.By.<>c__DisplayClass20_0.<ClassName>b__0(ISearchContext context)
   at OpenQA.Selenium.By.FindElement(ISearchContext context)
   at OpenQA.Selenium.Remote.RemoteWebDriver.FindElement(By by)
   at SdolUnitTest.Code.ScenariosSteps.ThenIReceiveTheMessage(String expectedMessage) in C:\project\SdolUnitTest\SdolUnitTest\Code\ScenariosSteps.cs:line 51
2018-04-12 19:57:56,719 [Test Thread #0] INFO SdolUnitTest.Code.BaseSteps - Sedol Web Application page is fully loaded
2018-04-12 19:57:57,294 [Test Thread #0] ERROR SdolUnitTest.Code.BaseSteps - NoSuchElementException has been throwns : OpenQA.Selenium.NoSuchElementException: no such element: Unable to locate element: {"method":"class name","selector":"loader"}
  (Session info: chrome=65.0.3325.181)
  (Driver info: chromedriver=2.37.543627 (63642262d9fb93fb4ab52398be4286d844092a5e),platform=Windows NT 10.0.16299 x86_64)
   at OpenQA.Selenium.Remote.RemoteWebDriver.UnpackAndThrowOnError(Response errorResponse)
   at OpenQA.Selenium.Remote.RemoteWebDriver.Execute(String driverCommandToExecute, Dictionary`2 parameters)
   at OpenQA.Selenium.Remote.RemoteWebDriver.FindElement(String mechanism, String value)
   at OpenQA.Selenium.Remote.RemoteWebDriver.FindElementByClassName(String className)
   at OpenQA.Selenium.By.<>c__DisplayClass20_0.<ClassName>b__0(ISearchContext context)
   at OpenQA.Selenium.By.FindElement(ISearchContext context)
   at OpenQA.Selenium.Remote.RemoteWebDriver.FindElement(By by)
   at SdolUnitTest.Code.ScenariosSteps.ThenIReceiveTheMessage(String expectedMessage) in C:\project\SdolUnitTest\SdolUnitTest\Code\ScenariosSteps.cs:line 51
2018-04-12 19:58:02,968 [Test Thread #0] INFO SdolUnitTest.Code.BaseSteps - Sedol Web Application page is fully loaded
2018-04-12 19:58:03,554 [Test Thread #0] ERROR SdolUnitTest.Code.BaseSteps - NoSuchElementException has been throwns : OpenQA.Selenium.NoSuchElementException: no such element: Unable to locate element: {"method":"class name","selector":"loader"}
  (Session info: chrome=65.0.3325.181)
  (Driver info: chromedriver=2.37.543627 (63642262d9fb93fb4ab52398be4286d844092a5e),platform=Windows NT 10.0.16299 x86_64)
   at OpenQA.Selenium.Remote.RemoteWebDriver.UnpackAndThrowOnError(Response errorResponse)
   at OpenQA.Selenium.Remote.RemoteWebDriver.Execute(String driverCommandToExecute, Dictionary`2 parameters)
   at OpenQA.Selenium.Remote.RemoteWebDriver.FindElement(String mechanism, String value)
   at OpenQA.Selenium.Remote.RemoteWebDriver.FindElementByClassName(String className)
   at OpenQA.Selenium.By.<>c__DisplayClass20_0.<ClassName>b__0(ISearchContext context)
   at OpenQA.Selenium.By.FindElement(ISearchContext context)
   at OpenQA.Selenium.Remote.RemoteWebDriver.FindElement(By by)
   at SdolUnitTest.Code.ScenariosSteps.ThenIReceiveTheMessage(String expectedMessage) in C:\project\SdolUnitTest\SdolUnitTest\Code\ScenariosSteps.cs:line 51
